Resolved 120 packages in 4.85s
Audited 105 packages in 150ms
Using Python 3.10.18 environment at: /mnt/beegfs/home/aborgi/.conda/envs/esnn
Resolved 29 packages in 1.99s
Prepared 29 packages in 9ms
Uninstalled 29 packages in 10.73s
Installed 29 packages in 12.40s
 ~ filelock==3.20.0
 ~ fsspec==2025.12.0
 ~ jinja2==3.1.6
 ~ markupsafe==2.1.5
 ~ mpmath==1.3.0
 ~ networkx==3.4.2
 ~ numpy==2.2.6
 ~ nvidia-cublas-cu12==12.8.4.1
 ~ nvidia-cuda-cupti-cu12==12.8.90
 ~ nvidia-cuda-nvrtc-cu12==12.8.93
 ~ nvidia-cuda-runtime-cu12==12.8.90
 ~ nvidia-cudnn-cu12==9.10.2.21
 ~ nvidia-cufft-cu12==11.3.3.83
 ~ nvidia-cufile-cu12==1.13.1.3
 ~ nvidia-curand-cu12==10.3.9.90
 ~ nvidia-cusolver-cu12==11.7.3.90
 ~ nvidia-cusparse-cu12==12.5.8.93
 ~ nvidia-cusparselt-cu12==0.7.1
 ~ nvidia-nccl-cu12==2.27.3
 ~ nvidia-nvjitlink-cu12==12.8.93
 ~ nvidia-nvtx-cu12==12.8.90
 ~ pillow==12.0.0
 ~ setuptools==70.2.0
 ~ sympy==1.14.0
 ~ torch==2.8.0+cu128
 ~ torchaudio==2.8.0+cu128
 ~ torchvision==0.23.0+cu128
 ~ triton==3.4.0
 ~ typing-extensions==4.15.0
Using Python 3.10.18 environment at: /mnt/beegfs/home/aborgi/.conda/envs/esnn
  × No solution found when resolving dependencies:
  ╰─▶ Because pyg-lib was not found in the package registry and you require
      pyg-lib, we can conclude that your requirements are unsatisfiable.
wandb: [wandb.login()] Loaded credentials for https://api.wandb.ai from /mnt/beegfs/home/aborgi/.netrc.
wandb: Currently logged in as: alessioborgi3 (sheaf_hypergraphs) to https://api.wandb.ai. Use `wandb login --relogin` to force relogin
wandb: Starting wandb agent 🕵️
wandb: [wandb.login()] Loaded credentials for https://api.wandb.ai from /mnt/beegfs/home/aborgi/.netrc.
2026-01-31 13:34:01,221 - wandb.wandb_agent - INFO - Running runs: []
2026-01-31 13:34:01,641 - wandb.wandb_agent - INFO - Agent received command: run
2026-01-31 13:34:01,642 - wandb.wandb_agent - INFO - Agent starting run with config:
	dataset: dblp
	model: bundle_sheaf
	model.args.d: 5
	model.args.dropout: 0.5205207871050056
	model.args.hidden_channels: 16
	model.args.initial_dropout: 0.17982567789158857
	model.args.input_dropout: 0.19575451202708957
	model.args.layers: 8
	model.args.output_dim: 32
	optimization.learning_rate: 0.005
	optimization.weight_decay: 0.005
	sheaf_learner: attention_edge_type
	trainer.max_epochs: 500
2026-01-31 13:34:01,648 - wandb.wandb_agent - INFO - About to run command: uv run python polynsd/scripts/run_sheaf_nc.py dataset=dblp model=bundle_sheaf model.args.d=5 model.args.dropout=0.5205207871050056 model.args.hidden_channels=16 model.args.initial_dropout=0.17982567789158857 model.args.input_dropout=0.19575451202708957 model.args.layers=8 model.args.output_dim=32 optimization.learning_rate=0.005 optimization.weight_decay=0.005 sheaf_learner=attention_edge_type trainer.max_epochs=500
2026-01-31 13:34:06,664 - wandb.wandb_agent - INFO - Running runs: ['eqch4spn']
/mnt/beegfs/proj/diaghpc/aborgi/Heterogeneous-Polynomial-Sheaf-Diffusion/polynsd/models/hgnn_baselines/cegat.py:52: SyntaxWarning: "is not" with 'str' literal. Did you mean "!="?
  if normalization.__class__.__name__ is not "Identity":
/mnt/beegfs/proj/diaghpc/aborgi/Heterogeneous-Polynomial-Sheaf-Diffusion/polynsd/models/hgnn_baselines/gegcn.py:40: SyntaxWarning: "is not" with 'str' literal. Did you mean "!="?
  if normalization.__class__.__name__ is not "Identity":
/mnt/beegfs/proj/diaghpc/aborgi/Heterogeneous-Polynomial-Sheaf-Diffusion/polynsd/models/hgnn_baselines/mlp.py:83: SyntaxWarning: "is not" with 'str' literal. Did you mean "!="?
  if normalization.__class__.__name__ is not "Identity":
/mnt/beegfs/proj/diaghpc/aborgi/Heterogeneous-Polynomial-Sheaf-Diffusion/polynsd/models/hgnn_baselines/mlp.py:178: SyntaxWarning: "is not" with 'str' literal. Did you mean "!="?
  if normalization.__class__.__name__ is not "Identity":
Downloading https://drive.usercontent.google.com/download?id=1fLLoy559V7jJaQ_9mQEsC06VKd6Qd3SC&confirm=t
Extracting data/dblp/raw/data.zip
Processing...
Done!
wandb: WARNING The anonymous setting has no effect and will be removed in a future version.
wandb: [wandb.login()] Loaded credentials for https://api.wandb.ai from /mnt/beegfs/home/aborgi/.netrc.
wandb: Currently logged in as: alessioborgi3 (sheaf_hypergraphs) to https://api.wandb.ai. Use `wandb login --relogin` to force relogin
wandb: WARNING Ignoring project 'Heterogeneous_Polynomial_SD' when running a sweep.
wandb: setting up run eqch4spn
wandb: Tracking run with wandb version 0.24.0
wandb: Run data is saved locally in wandb/run-20260131_133538-eqch4spn
wandb: Run `wandb offline` to turn off syncing.
wandb: Syncing run bright-sweep-1
wandb: ⭐️ View project at https://wandb.ai/sheaf_hypergraphs/Heterogeneous_Polynomial_SD
wandb: 🧹 View sweep at https://wandb.ai/sheaf_hypergraphs/Heterogeneous_Polynomial_SD/sweeps/ul4hdwdy
wandb: 🚀 View run at https://wandb.ai/sheaf_hypergraphs/Heterogeneous_Polynomial_SD/runs/eqch4spn
wandb: WARNING Config item 'model' was locked by 'sweep' (ignored update).
wandb: WARNING Config item 'dataset' was locked by 'sweep' (ignored update).
GPU available: True (cuda), used: True
TPU available: False, using: 0 TPU cores
LOCAL_RANK: 0 - CUDA_VISIBLE_DEVICES: [0]

  | Name          | Type                         | Params | Mode  | FLOPs
-------------------------------------------------------------------------------
0 | encoder       | DiscreteBundleSheafDiffusion | 479 K  | train | 0    
1 | decoder       | Linear                       | 452    | train | 0    
2 | train_metrics | MetricCollection             | 0      | train | 0    
3 | valid_metrics | MetricCollection             | 0      | train | 0    
4 | test_metrics  | MetricCollection             | 0      | train | 0    
-------------------------------------------------------------------------------
480 K     Trainable params
0         Non-trainable params
480 K     Total params
1.921     Total estimated model params size (MB)
51        Modules in train mode
0         Modules in eval mode
0         Total Flops
SLURM auto-requeueing enabled. Setting signal handlers.
LOCAL_RANK: 0 - CUDA_VISIBLE_DEVICES: [0]
SLURM auto-requeueing enabled. Setting signal handlers.
2026-01-31 13:37:44,045 - wandb.wandb_agent - INFO - Cleaning up finished run: eqch4spn
2026-01-31 13:37:44,402 - wandb.wandb_agent - INFO - Agent received command: run
2026-01-31 13:37:44,404 - wandb.wandb_agent - INFO - Agent starting run with config:
	dataset: dblp
	model: bundle_sheaf
	model.args.d: 4
	model.args.dropout: 0.6587381649752295
	model.args.hidden_channels: 16
	model.args.initial_dropout: 0.6102127699974412
	model.args.input_dropout: 0.5433148053082932
	model.args.layers: 8
	model.args.output_dim: 32
	optimization.learning_rate: 0.001
	optimization.weight_decay: 5e-05
	sheaf_learner: type_ensemble
	trainer.max_epochs: 500
2026-01-31 13:37:44,410 - wandb.wandb_agent - INFO - About to run command: uv run python polynsd/scripts/run_sheaf_nc.py dataset=dblp model=bundle_sheaf model.args.d=4 model.args.dropout=0.6587381649752295 model.args.hidden_channels=16 model.args.initial_dropout=0.6102127699974412 model.args.input_dropout=0.5433148053082932 model.args.layers=8 model.args.output_dim=32 optimization.learning_rate=0.001 optimization.weight_decay=5e-05 sheaf_learner=type_ensemble trainer.max_epochs=500
2026-01-31 13:37:49,426 - wandb.wandb_agent - INFO - Running runs: ['i00l62ib']
wandb: WARNING The anonymous setting has no effect and will be removed in a future version.
wandb: [wandb.login()] Loaded credentials for https://api.wandb.ai from /mnt/beegfs/home/aborgi/.netrc.
wandb: Currently logged in as: alessioborgi3 (sheaf_hypergraphs) to https://api.wandb.ai. Use `wandb login --relogin` to force relogin
wandb: WARNING Ignoring project 'Heterogeneous_Polynomial_SD' when running a sweep.
wandb: setting up run i00l62ib
wandb: Tracking run with wandb version 0.24.0
wandb: Run data is saved locally in wandb/run-20260131_133818-i00l62ib
wandb: Run `wandb offline` to turn off syncing.
wandb: Syncing run vital-sweep-2
wandb: ⭐️ View project at https://wandb.ai/sheaf_hypergraphs/Heterogeneous_Polynomial_SD
wandb: 🧹 View sweep at https://wandb.ai/sheaf_hypergraphs/Heterogeneous_Polynomial_SD/sweeps/ul4hdwdy
wandb: 🚀 View run at https://wandb.ai/sheaf_hypergraphs/Heterogeneous_Polynomial_SD/runs/i00l62ib
wandb: WARNING Config item 'model' was locked by 'sweep' (ignored update).
wandb: WARNING Config item 'dataset' was locked by 'sweep' (ignored update).
GPU available: True (cuda), used: True
TPU available: False, using: 0 TPU cores
/mnt/beegfs/proj/diaghpc/aborgi/Heterogeneous-Polynomial-Sheaf-Diffusion/.venv/lib/python3.13/site-packages/lightning/pytorch/callbacks/model_checkpoint.py:881: Checkpoint directory /mnt/beegfs/proj/diaghpc/aborgi/Heterogeneous-Polynomial-Sheaf-Diffusion/checkpoints/sheafnc_checkpoints exists and is not empty.
LOCAL_RANK: 0 - CUDA_VISIBLE_DEVICES: [0]

  | Name          | Type                         | Params | Mode  | FLOPs
-------------------------------------------------------------------------------
0 | encoder       | DiscreteBundleSheafDiffusion | 423 K  | train | 0    
1 | decoder       | Linear                       | 388    | train | 0    
2 | train_metrics | MetricCollection             | 0      | train | 0    
3 | valid_metrics | MetricCollection             | 0      | train | 0    
4 | test_metrics  | MetricCollection             | 0      | train | 0    
-------------------------------------------------------------------------------
423 K     Trainable params
0         Non-trainable params
423 K     Total params
1.694     Total estimated model params size (MB)
59        Modules in train mode
0         Modules in eval mode
0         Total Flops
SLURM auto-requeueing enabled. Setting signal handlers.
LOCAL_RANK: 0 - CUDA_VISIBLE_DEVICES: [0]
SLURM auto-requeueing enabled. Setting signal handlers.
2026-01-31 13:39:22,764 - wandb.wandb_agent - INFO - Cleaning up finished run: i00l62ib
2026-01-31 13:39:23,100 - wandb.wandb_agent - INFO - Agent received command: run
2026-01-31 13:39:23,100 - wandb.wandb_agent - INFO - Agent starting run with config:
	dataset: dblp
	model: bundle_sheaf
	model.args.d: 2
	model.args.dropout: 0.1306869113263305
	model.args.hidden_channels: 32
	model.args.initial_dropout: 0.499559363583478
	model.args.input_dropout: 0.4327856633677382
	model.args.layers: 7
	model.args.output_dim: 128
	optimization.learning_rate: 0.001
	optimization.weight_decay: 0.005
	sheaf_learner: attention_type_ensemble
	trainer.max_epochs: 500
2026-01-31 13:39:23,106 - wandb.wandb_agent - INFO - About to run command: uv run python polynsd/scripts/run_sheaf_nc.py dataset=dblp model=bundle_sheaf model.args.d=2 model.args.dropout=0.1306869113263305 model.args.hidden_channels=32 model.args.initial_dropout=0.499559363583478 model.args.input_dropout=0.4327856633677382 model.args.layers=7 model.args.output_dim=128 optimization.learning_rate=0.001 optimization.weight_decay=0.005 sheaf_learner=attention_type_ensemble trainer.max_epochs=500
